<?xml version="1.0" encoding="UTF-8"?>
<!-- Generated by org.testng.reporters.JUnitXMLReporter -->
<testsuite ignored="4" hostname="Snehas-MacBook-Pro.local" failures="0" tests="1" name="Default test" time="13.502" errors="0" timestamp="2024-05-06T13:50:49 PDT">
  <testcase classname="com.testNg.testcases.LoginTest" name="checkRememberMe" time="8.399"/>
  <testcase classname="com.testNg.testcases.LoginTest" name="forgotPassword" time="0.0">
    <ignored/>
  </testcase> <!-- forgotPassword -->
  <testcase classname="com.testNg.testcases.LoginTest" name="invalidLogin" time="0.0">
    <ignored/>
  </testcase> <!-- invalidLogin -->
  <testcase classname="com.testNg.testcases.LoginTest" name="noPassword" time="0.0">
    <ignored/>
  </testcase> <!-- noPassword -->
  <testcase classname="com.testNg.testcases.LoginTest" name="login" time="0.0">
    <ignored/>
  </testcase> <!-- login -->
</testsuite> <!-- Default test -->
