<?xml version="1.0" encoding="UTF-8"?>
<!-- Generated by org.testng.reporters.JUnitXMLReporter -->
<testsuite ignored="0" hostname="Snehas-MacBook-Pro.local" failures="0" tests="38" name="Login" time="441.073" errors="0" timestamp="2024-04-09T15:20:49 PDT">
  <testcase classname="com.testNg.testcases.LoginTest" name="checkRememberMe" time="11.392"/>
  <testcase classname="com.testNg.testcases.LoginTest" name="forgotPassword" time="1.337"/>
  <testcase classname="com.testNg.testcases.LoginTest" name="invalidLogin" time="1.894"/>
  <testcase classname="com.testNg.testcases.LoginTest" name="login" time="5.993"/>
  <testcase classname="com.testNg.testcases.LoginTest" name="noPassword" time="1.738"/>
  <testcase classname="com.testNg.testcases.UsermenuTest" name="DeveloperConsole" time="0.586"/>
  <testcase classname="com.testNg.testcases.UsermenuTest" name="MyProfile" time="20.514"/>
  <testcase classname="com.testNg.testcases.UsermenuTest" name="MySettings" time="10.773"/>
  <testcase classname="com.testNg.testcases.UsermenuTest" name="logout" time="0.373"/>
  <testcase classname="com.testNg.testcases.UsermenuTest" name="userMenuDropdown" time="0.131"/>
  <testcase classname="com.testNg.testcases.CreateAccountTest" name="createNewAccount" time="3.222"/>
  <testcase classname="com.testNg.testcases.CreateAccountTest" name="createNewReport" time="2.885"/>
  <testcase classname="com.testNg.testcases.CreateAccountTest" name="createNewView" time="1.634"/>
  <testcase classname="com.testNg.testcases.CreateAccountTest" name="editView" time="2.402"/>
  <testcase classname="com.testNg.testcases.CreateAccountTest" name="mergeAccounts" time="9.916"/>
  <testcase classname="com.testNg.testcases.OpportunityTest" name="newOpportunity" time="4.213"/>
  <testcase classname="com.testNg.testcases.OpportunityTest" name="opportunitiesDropdown" time="0.191"/>
  <testcase classname="com.testNg.testcases.OpportunityTest" name="opportunityPipelineReport" time="0.954"/>
  <testcase classname="com.testNg.testcases.OpportunityTest" name="opportunitySummaryReport" time="0.981"/>
  <testcase classname="com.testNg.testcases.OpportunityTest" name="stuckOpportunityReport" time="0.735"/>
  <testcase classname="com.testNg.testcases.LeadsTest" name="leadsDropdownText" time="1.429"/>
  <testcase classname="com.testNg.testcases.LeadsTest" name="leadsTab" time="0.422"/>
  <testcase classname="com.testNg.testcases.LeadsTest" name="newLead" time="3.484"/>
  <testcase classname="com.testNg.testcases.LeadsTest" name="todaysLeads" time="7.53"/>
  <testcase classname="com.testNg.testcases.LeadsTest" name="todaysLeadsView" time="1.187"/>
  <testcase classname="com.testNg.testcases.ContactsTest" name="cancelContactViewButton" time="1.627"/>
  <testcase classname="com.testNg.testcases.ContactsTest" name="createNewContact" time="1.915"/>
  <testcase classname="com.testNg.testcases.ContactsTest" name="createNewContactView" time="1.546"/>
  <testcase classname="com.testNg.testcases.ContactsTest" name="errorMessageContacts" time="3.512"/>
  <testcase classname="com.testNg.testcases.ContactsTest" name="myContacts" time="0.126"/>
  <testcase classname="com.testNg.testcases.ContactsTest" name="recentlyCreatedContact" time="0.118"/>
  <testcase classname="com.testNg.testcases.ContactsTest" name="saveAndNewContactButton" time="1.504"/>
  <testcase classname="com.testNg.testcases.ContactsTest" name="viewContact" time="1.447"/>
  <testcase classname="com.testNg.testcases.RandomScenariosTest" name="calendar" time="3.938"/>
  <testcase classname="com.testNg.testcases.RandomScenariosTest" name="editProfile" time="5.421"/>
  <testcase classname="com.testNg.testcases.RandomScenariosTest" name="verifyFirstLastName" time="0.057"/>
  <testcase classname="com.testNg.testcases.RandomScenariosTest" name="verifyTab" time="6.685"/>
  <testcase classname="com.testNg.testcases.RandomScenariosTest" name="weeklyRecurrence" time="4.857"/>
</testsuite> <!-- Login -->
