<?xml version="1.0" encoding="UTF-8"?>
<testng-results ignored="0" total="1" passed="1" failed="0" skipped="0">
  <reporter-output>
  </reporter-output>
  <suite started-at="2024-05-06T13:50:35 PDT" name="Default suite" finished-at="2024-05-06T13:50:49 PDT" duration-ms="13502">
    <groups>
    </groups>
    <test started-at="2024-05-06T13:50:35 PDT" name="Default test" finished-at="2024-05-06T13:50:49 PDT" duration-ms="13502">
      <class name="com.testNg.testcases.LoginTest">
        <test-method is-config="true" signature="beformethod()[pri:0, instance:com.testNg.testcases.LoginTest@479d31f3]" started-at="2024-05-06T13:50:35 PDT" name="beformethod" finished-at="2024-05-06T13:50:40 PDT" duration-ms="4495" status="PASS">
          <reporter-output>
          </reporter-output>
        </test-method> <!-- beformethod -->
        <test-method signature="checkRememberMe()[pri:0, instance:com.testNg.testcases.LoginTest@479d31f3]" started-at="2024-05-06T13:50:40 PDT" name="checkRememberMe" finished-at="2024-05-06T13:50:48 PDT" duration-ms="8399" status="PASS">
          <reporter-output>
          </reporter-output>
        </test-method> <!-- checkRememberMe -->
        <test-method is-config="true" signature="teardown()[pri:0, instance:com.testNg.testcases.LoginTest@479d31f3]" started-at="2024-05-06T13:50:48 PDT" name="teardown" finished-at="2024-05-06T13:50:49 PDT" duration-ms="521" status="PASS">
          <reporter-output>
          </reporter-output>
        </test-method> <!-- teardown -->
      </class> <!-- com.testNg.testcases.LoginTest -->
    </test> <!-- Default test -->
  </suite> <!-- Default suite -->
</testng-results>
